<?xml version="1.0" encoding="UTF-8"?>
<!-- Generated by org.testng.reporters.JUnitReportReporter -->
<testsuite hostname="IFOCUS-LT100" failures="0" tests="2" name="in.ifocussystec.Jenkins_Test_Automation.JenkinsDemo" time="0.014" errors="0" timestamp="2025-01-03T14:34:49 IST" skipped="0">
  <testcase classname="in.ifocussystec.Jenkins_Test_Automation.JenkinsDemo" name="signin" time="0.013"/>
  <system-out/>
  <testcase classname="in.ifocussystec.Jenkins_Test_Automation.JenkinsDemo" name="signup" time="0.001"/>
  <system-out/>
</testsuite> <!-- in.ifocussystec.Jenkins_Test_Automation.JenkinsDemo -->
